  Game.cpp
e:\cpp\snake\snake\game.cpp(31): warning C4244: "=": konwersja z "unsigned int" do "float", możliwa utrata danych
e:\cpp\snake\snake\game.cpp(32): warning C4244: "=": konwersja z "unsigned int" do "float", możliwa utrata danych
e:\cpp\snake\snake\game.cpp(185): warning C4018: "<": niezgodność typu ze znakiem/bez znaku
e:\cpp\snake\snake\game.cpp(210): warning C4018: "<": niezgodność typu ze znakiem/bez znaku
e:\cpp\snake\snake\game.cpp(247): warning C4244: "argument": konwersja z "unsigned int" do "float", możliwa utrata danych
e:\cpp\snake\snake\game.cpp(251): warning C4018: "<": niezgodność typu ze znakiem/bez znaku
e:\cpp\snake\snake\game.cpp(272): warning C4018: "<": niezgodność typu ze znakiem/bez znaku
e:\cpp\snake\snake\game.cpp(338): warning C4244: "argument": konwersja z "unsigned int" do "float", możliwa utrata danych
e:\cpp\snake\snake\game.cpp(346): warning C4244: "argument": konwersja z "unsigned int" do "float", możliwa utrata danych
e:\cpp\snake\snake\game.cpp(347): warning C4244: "argument": konwersja z "double" do "float", możliwa utrata danych
e:\cpp\snake\snake\game.cpp(348): warning C4244: "argument": konwersja z "unsigned int" do "float", możliwa utrata danych
e:\cpp\snake\snake\game.cpp(349): warning C4244: "argument": konwersja z "int" do "float", możliwa utrata danych
e:\cpp\snake\snake\game.cpp(357): warning C4244: "argument": konwersja z "double" do "float", możliwa utrata danych
e:\cpp\snake\snake\game.cpp(358): warning C4244: "argument": konwersja z "unsigned int" do "float", możliwa utrata danych
e:\cpp\snake\snake\game.cpp(360): warning C4244: "argument": konwersja z "int" do "float", możliwa utrata danych
e:\cpp\snake\snake\game.cpp(363): warning C4244: "argument": konwersja z "int" do "float", możliwa utrata danych
e:\cpp\snake\snake\game.cpp(375): warning C4244: "argument": konwersja z "unsigned int" do "float", możliwa utrata danych
e:\cpp\snake\snake\game.cpp(386): warning C4244: "argument": konwersja z "unsigned int" do "float", możliwa utrata danych
e:\cpp\snake\snake\game.cpp(388): warning C4244: "argument": konwersja z "unsigned int" do "float", możliwa utrata danych
e:\cpp\snake\snake\game.cpp(389): warning C4244: "argument": konwersja z "int" do "float", możliwa utrata danych
e:\cpp\snake\snake\game.cpp(397): warning C4244: "argument": konwersja z "double" do "float", możliwa utrata danych
e:\cpp\snake\snake\game.cpp(398): warning C4244: "argument": konwersja z "unsigned int" do "float", możliwa utrata danych
e:\cpp\snake\snake\game.cpp(401): warning C4244: "argument": konwersja z "int" do "float", możliwa utrata danych
e:\cpp\snake\snake\game.cpp(405): warning C4244: "argument": konwersja z "int" do "float", możliwa utrata danych
e:\cpp\snake\snake\game.cpp(417): warning C4244: "argument": konwersja z "unsigned int" do "float", możliwa utrata danych
e:\cpp\snake\snake\game.cpp(418): warning C4244: "argument": konwersja z "int" do "float", możliwa utrata danych
e:\cpp\snake\snake\game.cpp(445): warning C4244: "argument": konwersja z "unsigned int" do "float", możliwa utrata danych
e:\cpp\snake\snake\game.cpp(455): warning C4244: "argument": konwersja z "int" do "float", możliwa utrata danych
e:\cpp\snake\snake\game.cpp(455): warning C4244: "argument": konwersja z "unsigned int" do "float", możliwa utrata danych
e:\cpp\snake\snake\game.cpp(457): warning C4244: "argument": konwersja z "int" do "float", możliwa utrata danych
e:\cpp\snake\snake\game.cpp(486): warning C4244: "argument": konwersja z "unsigned int" do "float", możliwa utrata danych
e:\cpp\snake\snake\game.cpp(493): warning C4244: "argument": konwersja z "double" do "float", możliwa utrata danych
e:\cpp\snake\snake\game.cpp(493): warning C4244: "argument": konwersja z "unsigned int" do "float", możliwa utrata danych
e:\cpp\snake\snake\game.cpp(500): warning C4244: "argument": konwersja z "double" do "float", możliwa utrata danych
e:\cpp\snake\snake\game.cpp(500): warning C4244: "argument": konwersja z "unsigned int" do "float", możliwa utrata danych
e:\cpp\snake\snake\game.cpp(508): warning C4244: "argument": konwersja z "unsigned int" do "float", możliwa utrata danych
e:\cpp\snake\snake\game.cpp(510): warning C4244: "argument": konwersja z "int" do "float", możliwa utrata danych
e:\cpp\snake\snake\game.cpp(515): warning C4244: "argument": konwersja z "int" do "float", możliwa utrata danych
e:\cpp\snake\snake\game.cpp(540): warning C4244: "argument": konwersja z "unsigned int" do "float", możliwa utrata danych
e:\cpp\snake\snake\game.cpp(544): warning C4267: "=": konwersja z "size_t" do "short", możliwa utrata danych
e:\cpp\snake\snake\game.cpp(549): warning C4244: "argument": konwersja z "unsigned int" do "float", możliwa utrata danych
e:\cpp\snake\snake\game.cpp(557): warning C4244: "argument": konwersja z "double" do "float", możliwa utrata danych
e:\cpp\snake\snake\game.cpp(557): warning C4244: "argument": konwersja z "unsigned int" do "float", możliwa utrata danych
e:\cpp\snake\snake\game.cpp(568): warning C4244: "argument": konwersja z "int" do "float", możliwa utrata danych
e:\cpp\snake\snake\game.cpp(568): warning C4244: "argument": konwersja z "unsigned int" do "float", możliwa utrata danych
e:\cpp\snake\snake\game.cpp(572): warning C4244: "argument": konwersja z "int" do "float", możliwa utrata danych
e:\cpp\snake\snake\game.cpp(605): warning C4018: ">": niezgodność typu ze znakiem/bez znaku
e:\cpp\snake\snake\game.cpp(605): warning C4267: "=": konwersja z "size_t" do "short", możliwa utrata danych
e:\cpp\snake\snake\game.cpp(606): warning C4267: "=": konwersja z "size_t" do "short", możliwa utrata danych
e:\cpp\snake\snake\game.cpp(623): warning C4244: "argument": konwersja z "unsigned int" do "float", możliwa utrata danych
e:\cpp\snake\snake\game.cpp(633): warning C4244: "argument": konwersja z "unsigned int" do "float", możliwa utrata danych
e:\cpp\snake\snake\game.cpp(643): warning C4244: "argument": konwersja z "unsigned int" do "float", możliwa utrata danych
  main.cpp
e:\cpp\snake\snake\main.cpp(8): warning C4244: "argument": konwersja z "time_t" do "unsigned int", możliwa utrata danych
  Generowanie kodu...
sfml-window-s-d.lib(GlContext.cpp.obj) : error LNK2019: nierozpoznany zewnetrzny symbol __imp__glEnable@4 przywolany w funkcji "private: void __thiscall sf::priv::GlContext::initialize(struct sf::ContextSettings const &)" (?initialize@GlContext@priv@sf@@AAEXABUContextSettings@3@@Z)
sfml-window-s-d.lib(GlContext.cpp.obj) : error LNK2019: nierozpoznany zewnetrzny symbol __imp__glGetError@0 przywolany w funkcji "public: static void __cdecl sf::priv::GlContext::initResource(void)" (?initResource@GlContext@priv@sf@@SAXXZ)
sfml-window-s-d.lib(GlContext.cpp.obj) : error LNK2019: nierozpoznany zewnetrzny symbol __imp__glGetIntegerv@8 przywolany w funkcji "public: static void __cdecl sf::priv::GlContext::initResource(void)" (?initResource@GlContext@priv@sf@@SAXXZ)
sfml-window-s-d.lib(GlContext.cpp.obj) : error LNK2019: nierozpoznany zewnetrzny symbol __imp__glGetString@4 przywolany w funkcji "public: static void __cdecl sf::priv::GlContext::initResource(void)" (?initResource@GlContext@priv@sf@@SAXXZ)
sfml-window-s-d.lib(GlContext.cpp.obj) : error LNK2019: nierozpoznany zewnetrzny symbol __imp__glIsEnabled@4 przywolany w funkcji "private: void __thiscall sf::priv::GlContext::initialize(struct sf::ContextSettings const &)" (?initialize@GlContext@priv@sf@@AAEXABUContextSettings@3@@Z)
sfml-window-s-d.lib(WglContext.cpp.obj) : error LNK2019: nierozpoznany zewnetrzny symbol __imp__wglCreateContext@4 przywolany w funkcji "private: void __thiscall sf::priv::WglContext::createContext(class sf::priv::WglContext *)" (?createContext@WglContext@priv@sf@@AAEXPAV123@@Z)
sfml-window-s-d.lib(WglContext.cpp.obj) : error LNK2019: nierozpoznany zewnetrzny symbol __imp__wglDeleteContext@4 przywolany w funkcji "public: virtual __thiscall sf::priv::WglContext::~WglContext(void)" (??1WglContext@priv@sf@@UAE@XZ)
sfml-window-s-d.lib(WglContext.cpp.obj) : error LNK2019: nierozpoznany zewnetrzny symbol __imp__wglGetProcAddress@4 przywolany w funkcji "public: static void (__cdecl*__cdecl sf::priv::WglContext::getFunction(char const *))(void)" (?getFunction@WglContext@priv@sf@@SAP6AXXZPBD@Z)
sfml-window-s-d.lib(WglContext.cpp.obj) : error LNK2019: nierozpoznany zewnetrzny symbol __imp__wglMakeCurrent@8 przywolany w funkcji "public: virtual __thiscall sf::priv::WglContext::~WglContext(void)" (??1WglContext@priv@sf@@UAE@XZ)
sfml-window-s-d.lib(WglContext.cpp.obj) : error LNK2019: nierozpoznany zewnetrzny symbol __imp__wglShareLists@8 przywolany w funkcji "private: void __thiscall sf::priv::WglContext::createContext(class sf::priv::WglContext *)" (?createContext@WglContext@priv@sf@@AAEXPAV123@@Z)
sfml-window-s-d.lib(JoystickImpl.cpp.obj) : error LNK2019: nierozpoznany zewnetrzny symbol __imp__joyGetPosEx@8 przywolany w funkcji "public: static bool __cdecl sf::priv::JoystickImpl::isConnected(unsigned int)" (?isConnected@JoystickImpl@priv@sf@@SA_NI@Z)
sfml-window-s-d.lib(JoystickImpl.cpp.obj) : error LNK2019: nierozpoznany zewnetrzny symbol __imp__joyGetDevCapsW@12 przywolany w funkcji "public: bool __thiscall sf::priv::JoystickImpl::open(unsigned int)" (?open@JoystickImpl@priv@sf@@QAE_NI@Z)
sfml-graphics-s-d.lib(Texture.cpp.obj) : error LNK2019: nierozpoznany zewnetrzny symbol _glFlush@0 przywolany w funkcji "public: __thiscall sf::Texture::Texture(class sf::Texture const &)" (??0Texture@sf@@QAE@ABV01@@Z)
sfml-graphics-s-d.lib(Shader.cpp.obj) : error LNK2001: nierozpoznany symbol zewnetrzny _glFlush@0
sfml-graphics-s-d.lib(RenderTextureImplFBO.cpp.obj) : error LNK2001: nierozpoznany symbol zewnetrzny _glGetIntegerv@8
sfml-graphics-s-d.lib(Texture.cpp.obj) : error LNK2001: nierozpoznany symbol zewnetrzny _glGetIntegerv@8
sfml-graphics-s-d.lib(GLExtensions.cpp.obj) : error LNK2001: nierozpoznany symbol zewnetrzny _glGetIntegerv@8
sfml-graphics-s-d.lib(TextureSaver.cpp.obj) : error LNK2001: nierozpoznany symbol zewnetrzny _glGetIntegerv@8
sfml-graphics-s-d.lib(Shader.cpp.obj) : error LNK2001: nierozpoznany symbol zewnetrzny _glGetIntegerv@8
sfml-graphics-s-d.lib(Texture.cpp.obj) : error LNK2019: nierozpoznany zewnetrzny symbol _glGetTexImage@20 przywolany w funkcji "public: class sf::Image __thiscall sf::Texture::copyToImage(void)const " (?copyToImage@Texture@sf@@QBE?AVImage@2@XZ)
sfml-graphics-s-d.lib(Texture.cpp.obj) : error LNK2019: nierozpoznany zewnetrzny symbol _glLoadIdentity@0 przywolany w funkcji "public: static void __cdecl sf::Texture::bind(class sf::Texture const *,enum sf::Texture::CoordinateType)" (?bind@Texture@sf@@SAXPBV12@W4CoordinateType@12@@Z)
sfml-graphics-s-d.lib(RenderTarget.cpp.obj) : error LNK2001: nierozpoznany symbol zewnetrzny _glLoadIdentity@0
sfml-graphics-s-d.lib(Texture.cpp.obj) : error LNK2019: nierozpoznany zewnetrzny symbol _glLoadMatrixf@4 przywolany w funkcji "public: static void __cdecl sf::Texture::bind(class sf::Texture const *,enum sf::Texture::CoordinateType)" (?bind@Texture@sf@@SAXPBV12@W4CoordinateType@12@@Z)
sfml-graphics-s-d.lib(RenderTarget.cpp.obj) : error LNK2001: nierozpoznany symbol zewnetrzny _glLoadMatrixf@4
sfml-graphics-s-d.lib(Texture.cpp.obj) : error LNK2019: nierozpoznany zewnetrzny symbol _glMatrixMode@4 przywolany w funkcji "public: static void __cdecl sf::Texture::bind(class sf::Texture const *,enum sf::Texture::CoordinateType)" (?bind@Texture@sf@@SAXPBV12@W4CoordinateType@12@@Z)
sfml-graphics-s-d.lib(RenderTarget.cpp.obj) : error LNK2001: nierozpoznany symbol zewnetrzny _glMatrixMode@4
sfml-graphics-s-d.lib(Texture.cpp.obj) : error LNK2019: nierozpoznany zewnetrzny symbol _glTexImage2D@36 przywolany w funkcji "public: bool __thiscall sf::Texture::create(unsigned int,unsigned int)" (?create@Texture@sf@@QAE_NII@Z)
sfml-graphics-s-d.lib(Texture.cpp.obj) : error LNK2019: nierozpoznany zewnetrzny symbol _glTexParameteri@12 przywolany w funkcji "public: bool __thiscall sf::Texture::create(unsigned int,unsigned int)" (?create@Texture@sf@@QAE_NII@Z)
sfml-graphics-s-d.lib(Texture.cpp.obj) : error LNK2019: nierozpoznany zewnetrzny symbol _glBindTexture@8 przywolany w funkcji "public: bool __thiscall sf::Texture::create(unsigned int,unsigned int)" (?create@Texture@sf@@QAE_NII@Z)
sfml-graphics-s-d.lib(TextureSaver.cpp.obj) : error LNK2001: nierozpoznany symbol zewnetrzny _glBindTexture@8
sfml-graphics-s-d.lib(Texture.cpp.obj) : error LNK2019: nierozpoznany zewnetrzny symbol _glCopyTexSubImage2D@32 przywolany w funkcji "public: void __thiscall sf::Texture::update(class sf::Window const &,unsigned int,unsigned int)" (?update@Texture@sf@@QAEXABVWindow@2@II@Z)
sfml-graphics-s-d.lib(Texture.cpp.obj) : error LNK2019: nierozpoznany zewnetrzny symbol _glDeleteTextures@8 przywolany w funkcji "public: __thiscall sf::Texture::~Texture(void)" (??1Texture@sf@@QAE@XZ)
sfml-graphics-s-d.lib(Texture.cpp.obj) : error LNK2019: nierozpoznany zewnetrzny symbol _glGenTextures@8 przywolany w funkcji "public: bool __thiscall sf::Texture::create(unsigned int,unsigned int)" (?create@Texture@sf@@QAE_NII@Z)
sfml-graphics-s-d.lib(Texture.cpp.obj) : error LNK2019: nierozpoznany zewnetrzny symbol _glTexSubImage2D@36 przywolany w funkcji "public: bool __thiscall sf::Texture::loadFromImage(class sf::Image const &,class sf::Rect<int> const &)" (?loadFromImage@Texture@sf@@QAE_NABVImage@2@ABV?$Rect@H@2@@Z)
sfml-graphics-s-d.lib(Font.cpp.obj) : error LNK2019: nierozpoznany zewnetrzny symbol _FT_Init_FreeType przywolany w funkcji "public: bool __thiscall sf::Font::loadFromFile(class std::basic_string<char,struct std::char_traits<char>,class std::allocator<char> > const &)" (?loadFromFile@Font@sf@@QAE_NABV?$basic_string@DU?$char_traits@D@std@@V?$allocator@D@2@@std@@@Z)
sfml-graphics-s-d.lib(Font.cpp.obj) : error LNK2019: nierozpoznany zewnetrzny symbol _FT_Done_FreeType przywolany w funkcji "private: void __thiscall sf::Font::cleanup(void)" (?cleanup@Font@sf@@AAEXXZ)
sfml-graphics-s-d.lib(Font.cpp.obj) : error LNK2019: nierozpoznany zewnetrzny symbol _FT_New_Face przywolany w funkcji "public: bool __thiscall sf::Font::loadFromFile(class std::basic_string<char,struct std::char_traits<char>,class std::allocator<char> > const &)" (?loadFromFile@Font@sf@@QAE_NABV?$basic_string@DU?$char_traits@D@std@@V?$allocator@D@2@@std@@@Z)
sfml-graphics-s-d.lib(Font.cpp.obj) : error LNK2019: nierozpoznany zewnetrzny symbol _FT_New_Memory_Face przywolany w funkcji "public: bool __thiscall sf::Font::loadFromMemory(void const *,unsigned int)" (?loadFromMemory@Font@sf@@QAE_NPBXI@Z)
sfml-graphics-s-d.lib(Font.cpp.obj) : error LNK2019: nierozpoznany zewnetrzny symbol _FT_Open_Face przywolany w funkcji "public: bool __thiscall sf::Font::loadFromStream(class sf::InputStream &)" (?loadFromStream@Font@sf@@QAE_NAAVInputStream@2@@Z)
sfml-graphics-s-d.lib(Font.cpp.obj) : error LNK2019: nierozpoznany zewnetrzny symbol _FT_Done_Face przywolany w funkcji "public: bool __thiscall sf::Font::loadFromFile(class std::basic_string<char,struct std::char_traits<char>,class std::allocator<char> > const &)" (?loadFromFile@Font@sf@@QAE_NABV?$basic_string@DU?$char_traits@D@std@@V?$allocator@D@2@@std@@@Z)
sfml-graphics-s-d.lib(Font.cpp.obj) : error LNK2019: nierozpoznany zewnetrzny symbol _FT_Set_Pixel_Sizes przywolany w funkcji "private: bool __thiscall sf::Font::setCurrentSize(unsigned int)const " (?setCurrentSize@Font@sf@@ABE_NI@Z)
sfml-graphics-s-d.lib(Font.cpp.obj) : error LNK2019: nierozpoznany zewnetrzny symbol _FT_Load_Char przywolany w funkcji "private: class sf::Glyph __thiscall sf::Font::loadGlyph(unsigned int,unsigned int,bool,float)const " (?loadGlyph@Font@sf@@ABE?AVGlyph@2@II_NM@Z)
sfml-graphics-s-d.lib(Font.cpp.obj) : error LNK2019: nierozpoznany zewnetrzny symbol _FT_Get_Kerning przywolany w funkcji "public: float __thiscall sf::Font::getKerning(unsigned int,unsigned int,unsigned int)const " (?getKerning@Font@sf@@QBEMIII@Z)
sfml-graphics-s-d.lib(Font.cpp.obj) : error LNK2019: nierozpoznany zewnetrzny symbol _FT_Select_Charmap przywolany w funkcji "public: bool __thiscall sf::Font::loadFromFile(class std::basic_string<char,struct std::char_traits<char>,class std::allocator<char> > const &)" (?loadFromFile@Font@sf@@QAE_NABV?$basic_string@DU?$char_traits@D@std@@V?$allocator@D@2@@std@@@Z)
sfml-graphics-s-d.lib(Font.cpp.obj) : error LNK2019: nierozpoznany zewnetrzny symbol _FT_Get_Char_Index przywolany w funkcji "public: float __thiscall sf::Font::getKerning(unsigned int,unsigned int,unsigned int)const " (?getKerning@Font@sf@@QBEMIII@Z)
sfml-graphics-s-d.lib(Font.cpp.obj) : error LNK2019: nierozpoznany zewnetrzny symbol _FT_MulFix przywolany w funkcji "public: float __thiscall sf::Font::getUnderlinePosition(unsigned int)const " (?getUnderlinePosition@Font@sf@@QBEMI@Z)
sfml-graphics-s-d.lib(Font.cpp.obj) : error LNK2019: nierozpoznany zewnetrzny symbol _FT_Get_Glyph przywolany w funkcji "private: class sf::Glyph __thiscall sf::Font::loadGlyph(unsigned int,unsigned int,bool,float)const " (?loadGlyph@Font@sf@@ABE?AVGlyph@2@II_NM@Z)
sfml-graphics-s-d.lib(Font.cpp.obj) : error LNK2019: nierozpoznany zewnetrzny symbol _FT_Glyph_To_Bitmap przywolany w funkcji "private: class sf::Glyph __thiscall sf::Font::loadGlyph(unsigned int,unsigned int,bool,float)const " (?loadGlyph@Font@sf@@ABE?AVGlyph@2@II_NM@Z)
sfml-graphics-s-d.lib(Font.cpp.obj) : error LNK2019: nierozpoznany zewnetrzny symbol _FT_Done_Glyph przywolany w funkcji "private: class sf::Glyph __thiscall sf::Font::loadGlyph(unsigned int,unsigned int,bool,float)const " (?loadGlyph@Font@sf@@ABE?AVGlyph@2@II_NM@Z)
sfml-graphics-s-d.lib(Font.cpp.obj) : error LNK2019: nierozpoznany zewnetrzny symbol _FT_Outline_Embolden przywolany w funkcji "private: class sf::Glyph __thiscall sf::Font::loadGlyph(unsigned int,unsigned int,bool,float)const " (?loadGlyph@Font@sf@@ABE?AVGlyph@2@II_NM@Z)
sfml-graphics-s-d.lib(Font.cpp.obj) : error LNK2019: nierozpoznany zewnetrzny symbol _FT_Bitmap_Embolden przywolany w funkcji "private: class sf::Glyph __thiscall sf::Font::loadGlyph(unsigned int,unsigned int,bool,float)const " (?loadGlyph@Font@sf@@ABE?AVGlyph@2@II_NM@Z)
sfml-graphics-s-d.lib(Font.cpp.obj) : error LNK2019: nierozpoznany zewnetrzny symbol _FT_Stroker_New przywolany w funkcji "public: bool __thiscall sf::Font::loadFromFile(class std::basic_string<char,struct std::char_traits<char>,class std::allocator<char> > const &)" (?loadFromFile@Font@sf@@QAE_NABV?$basic_string@DU?$char_traits@D@std@@V?$allocator@D@2@@std@@@Z)
sfml-graphics-s-d.lib(Font.cpp.obj) : error LNK2019: nierozpoznany zewnetrzny symbol _FT_Stroker_Set przywolany w funkcji "private: class sf::Glyph __thiscall sf::Font::loadGlyph(unsigned int,unsigned int,bool,float)const " (?loadGlyph@Font@sf@@ABE?AVGlyph@2@II_NM@Z)
sfml-graphics-s-d.lib(Font.cpp.obj) : error LNK2019: nierozpoznany zewnetrzny symbol _FT_Stroker_Done przywolany w funkcji "public: bool __thiscall sf::Font::loadFromFile(class std::basic_string<char,struct std::char_traits<char>,class std::allocator<char> > const &)" (?loadFromFile@Font@sf@@QAE_NABV?$basic_string@DU?$char_traits@D@std@@V?$allocator@D@2@@std@@@Z)
sfml-graphics-s-d.lib(Font.cpp.obj) : error LNK2019: nierozpoznany zewnetrzny symbol _FT_Glyph_Stroke przywolany w funkcji "private: class sf::Glyph __thiscall sf::Font::loadGlyph(unsigned int,unsigned int,bool,float)const " (?loadGlyph@Font@sf@@ABE?AVGlyph@2@II_NM@Z)
sfml-graphics-s-d.lib(RenderTarget.cpp.obj) : error LNK2019: nierozpoznany zewnetrzny symbol _glBlendFunc@8 przywolany w funkcji "private: void __thiscall sf::RenderTarget::applyBlendMode(struct sf::BlendMode const &)" (?applyBlendMode@RenderTarget@sf@@AAEXABUBlendMode@2@@Z)
sfml-graphics-s-d.lib(RenderTarget.cpp.obj) : error LNK2019: nierozpoznany zewnetrzny symbol _glClear@4 przywolany w funkcji "public: void __thiscall sf::RenderTarget::clear(class sf::Color const &)" (?clear@RenderTarget@sf@@QAEXABVColor@2@@Z)
sfml-graphics-s-d.lib(RenderTarget.cpp.obj) : error LNK2019: nierozpoznany zewnetrzny symbol _glClearColor@16 przywolany w funkcji "public: void __thiscall sf::RenderTarget::clear(class sf::Color const &)" (?clear@RenderTarget@sf@@QAEXABVColor@2@@Z)
sfml-graphics-s-d.lib(RenderTarget.cpp.obj) : error LNK2019: nierozpoznany zewnetrzny symbol _glDisable@4 przywolany w funkcji "public: void __thiscall sf::RenderTarget::resetGLStates(void)" (?resetGLStates@RenderTarget@sf@@QAEXXZ)
sfml-graphics-s-d.lib(RenderTarget.cpp.obj) : error LNK2019: nierozpoznany zewnetrzny symbol _glEnable@4 przywolany w funkcji "public: void __thiscall sf::RenderTarget::resetGLStates(void)" (?resetGLStates@RenderTarget@sf@@QAEXXZ)
sfml-graphics-s-d.lib(RenderTarget.cpp.obj) : error LNK2019: nierozpoznany zewnetrzny symbol _glGetError@0 przywolany w funkcji "public: void __thiscall sf::RenderTarget::pushGLStates(void)" (?pushGLStates@RenderTarget@sf@@QAEXXZ)
sfml-graphics-s-d.lib(GLExtensions.cpp.obj) : error LNK2001: nierozpoznany symbol zewnetrzny _glGetError@0
sfml-graphics-s-d.lib(GLCheck.cpp.obj) : error LNK2001: nierozpoznany symbol zewnetrzny _glGetError@0
sfml-graphics-s-d.lib(RenderTarget.cpp.obj) : error LNK2019: nierozpoznany zewnetrzny symbol _glPopAttrib@0 przywolany w funkcji "public: void __thiscall sf::RenderTarget::popGLStates(void)" (?popGLStates@RenderTarget@sf@@QAEXXZ)
sfml-graphics-s-d.lib(RenderTarget.cpp.obj) : error LNK2019: nierozpoznany zewnetrzny symbol _glPopMatrix@0 przywolany w funkcji "public: void __thiscall sf::RenderTarget::popGLStates(void)" (?popGLStates@RenderTarget@sf@@QAEXXZ)
sfml-graphics-s-d.lib(RenderTarget.cpp.obj) : error LNK2019: nierozpoznany zewnetrzny symbol _glPushAttrib@4 przywolany w funkcji "public: void __thiscall sf::RenderTarget::pushGLStates(void)" (?pushGLStates@RenderTarget@sf@@QAEXXZ)
sfml-graphics-s-d.lib(RenderTarget.cpp.obj) : error LNK2019: nierozpoznany zewnetrzny symbol _glPushMatrix@0 przywolany w funkcji "public: void __thiscall sf::RenderTarget::pushGLStates(void)" (?pushGLStates@RenderTarget@sf@@QAEXXZ)
sfml-graphics-s-d.lib(RenderTarget.cpp.obj) : error LNK2019: nierozpoznany zewnetrzny symbol _glViewport@16 przywolany w funkcji "private: void __thiscall sf::RenderTarget::applyCurrentView(void)" (?applyCurrentView@RenderTarget@sf@@AAEXXZ)
sfml-graphics-s-d.lib(RenderTarget.cpp.obj) : error LNK2019: nierozpoznany zewnetrzny symbol _glColorPointer@16 przywolany w funkcji "public: void __thiscall sf::RenderTarget::draw(class sf::Vertex const *,unsigned int,enum sf::PrimitiveType,class sf::RenderStates const &)" (?draw@RenderTarget@sf@@QAEXPBVVertex@2@IW4PrimitiveType@2@ABVRenderStates@2@@Z)
sfml-graphics-s-d.lib(RenderTarget.cpp.obj) : error LNK2019: nierozpoznany zewnetrzny symbol _glDisableClientState@4 przywolany w funkcji "public: void __thiscall sf::RenderTarget::draw(class sf::Vertex const *,unsigned int,enum sf::PrimitiveType,class sf::RenderStates const &)" (?draw@RenderTarget@sf@@QAEXPBVVertex@2@IW4PrimitiveType@2@ABVRenderStates@2@@Z)
sfml-graphics-s-d.lib(RenderTarget.cpp.obj) : error LNK2019: nierozpoznany zewnetrzny symbol _glDrawArrays@12 przywolany w funkcji "private: void __thiscall sf::RenderTarget::drawPrimitives(enum sf::PrimitiveType,unsigned int,unsigned int)" (?drawPrimitives@RenderTarget@sf@@AAEXW4PrimitiveType@2@II@Z)
sfml-graphics-s-d.lib(RenderTarget.cpp.obj) : error LNK2019: nierozpoznany zewnetrzny symbol _glEnableClientState@4 przywolany w funkcji "public: void __thiscall sf::RenderTarget::draw(class sf::Vertex const *,unsigned int,enum sf::PrimitiveType,class sf::RenderStates const &)" (?draw@RenderTarget@sf@@QAEXPBVVertex@2@IW4PrimitiveType@2@ABVRenderStates@2@@Z)
sfml-graphics-s-d.lib(RenderTarget.cpp.obj) : error LNK2019: nierozpoznany zewnetrzny symbol _glPopClientAttrib@0 przywolany w funkcji "public: void __thiscall sf::RenderTarget::popGLStates(void)" (?popGLStates@RenderTarget@sf@@QAEXXZ)
sfml-graphics-s-d.lib(RenderTarget.cpp.obj) : error LNK2019: nierozpoznany zewnetrzny symbol _glPushClientAttrib@4 przywolany w funkcji "public: void __thiscall sf::RenderTarget::pushGLStates(void)" (?pushGLStates@RenderTarget@sf@@QAEXXZ)
sfml-graphics-s-d.lib(RenderTarget.cpp.obj) : error LNK2019: nierozpoznany zewnetrzny symbol _glTexCoordPointer@16 przywolany w funkcji "public: void __thiscall sf::RenderTarget::draw(class sf::Vertex const *,unsigned int,enum sf::PrimitiveType,class sf::RenderStates const &)" (?draw@RenderTarget@sf@@QAEXPBVVertex@2@IW4PrimitiveType@2@ABVRenderStates@2@@Z)
sfml-graphics-s-d.lib(RenderTarget.cpp.obj) : error LNK2019: nierozpoznany zewnetrzny symbol _glVertexPointer@16 przywolany w funkcji "public: void __thiscall sf::RenderTarget::draw(class sf::Vertex const *,unsigned int,enum sf::PrimitiveType,class sf::RenderStates const &)" (?draw@RenderTarget@sf@@QAEXPBVVertex@2@IW4PrimitiveType@2@ABVRenderStates@2@@Z)
sfml-graphics-s-d.lib(GLExtensions.cpp.obj) : error LNK2019: nierozpoznany zewnetrzny symbol _glGetString@4 przywolany w funkcji "void __cdecl sf::priv::ensureExtensionsInit(void)" (?ensureExtensionsInit@priv@sf@@YAXXZ)
sfml-system-s-d.lib(SleepImpl.cpp.obj) : error LNK2019: nierozpoznany zewnetrzny symbol __imp__timeGetDevCaps@8 przywolany w funkcji "void __cdecl sf::priv::sleepImpl(class sf::Time)" (?sleepImpl@priv@sf@@YAXVTime@2@@Z)
sfml-system-s-d.lib(SleepImpl.cpp.obj) : error LNK2019: nierozpoznany zewnetrzny symbol __imp__timeBeginPeriod@4 przywolany w funkcji "void __cdecl sf::priv::sleepImpl(class sf::Time)" (?sleepImpl@priv@sf@@YAXVTime@2@@Z)
sfml-system-s-d.lib(SleepImpl.cpp.obj) : error LNK2019: nierozpoznany zewnetrzny symbol __imp__timeEndPeriod@4 przywolany w funkcji "void __cdecl sf::priv::sleepImpl(class sf::Time)" (?sleepImpl@priv@sf@@YAXVTime@2@@Z)
E:\CPP\Snake\Debug\Snake.exe : fatal error LNK1120: liczba nierozpoznanych elementˇw zewnetrznych: 69
